<?xml version="1.0" encoding="UTF-8"?>
<testsuites>
  <testsuite name="My Login application" timestamp="2023-08-17T21:00:55" time="14.148" tests="1" failures="0" errors="0" skipped="0">
    <properties>
      <property name="specId" value="0"/>
      <property name="suiteName" value="My Login application"/>
      <property name="capabilities" value="android.ze2232ttq8"/>
      <property name="file" value="file:///C:/Users/alexx/Documents/myTemplates/mobAutomation/test/specs/test.e2e.ts"/>
    </properties>
    <testcase classname="android.ze2232ttq8.My_Login_application" name="should sign up with valid credentials" time="14.146">
      <system-out><![CDATA[
COMMAND: POST /session/3cabb9da-3b4f-466f-b02a-0f10e0d7b396/element - {"using":"xpath","value":"//android.view.View[@content-desc='More than a swipe..']"}
RESULT: {"using":"xpath","value":"//android.view.View[@content-desc='More than a swipe..']"}
COMMAND: POST /session/3cabb9da-3b4f-466f-b02a-0f10e0d7b396/element - {"using":"xpath","value":"//android.view.View[@content-desc='More than a swipe..']"}
RESULT: {"using":"xpath","value":"//android.view.View[@content-desc='More than a swipe..']"}
COMMAND: POST /session/3cabb9da-3b4f-466f-b02a-0f10e0d7b396/element - {"using":"xpath","value":"//android.widget.Button[@content-desc='Sign Up']"}
RESULT: {"using":"xpath","value":"//android.widget.Button[@content-desc='Sign Up']"}
COMMAND: POST /session/3cabb9da-3b4f-466f-b02a-0f10e0d7b396/element - {"using":"xpath","value":"//android.widget.Button[@content-desc='Sign Up']"}
RESULT: {"using":"xpath","value":"//android.widget.Button[@content-desc='Sign Up']"}
COMMAND: POST /session/3cabb9da-3b4f-466f-b02a-0f10e0d7b396/element - {"using":"xpath","value":"//android.widget.Button[@content-desc='Sign Up']"}
RESULT: {"using":"xpath","value":"//android.widget.Button[@content-desc='Sign Up']"}
COMMAND: POST /session/3cabb9da-3b4f-466f-b02a-0f10e0d7b396/element - {"using":"xpath","value":"//android.widget.Button[@content-desc='Sign Up']"}
RESULT: {"using":"xpath","value":"//android.widget.Button[@content-desc='Sign Up']"}
COMMAND: POST /session/3cabb9da-3b4f-466f-b02a-0f10e0d7b396/element - {"using":"xpath","value":"//android.widget.Button[@content-desc='Sign Up']"}
RESULT: {"using":"xpath","value":"//android.widget.Button[@content-desc='Sign Up']"}
COMMAND: POST /session/3cabb9da-3b4f-466f-b02a-0f10e0d7b396/element - {"using":"xpath","value":"//android.widget.Button[@content-desc='Sign Up']"}
RESULT: {"using":"xpath","value":"//android.widget.Button[@content-desc='Sign Up']"}
COMMAND: POST /session/3cabb9da-3b4f-466f-b02a-0f10e0d7b396/element - {"using":"xpath","value":"//android.widget.Button[@content-desc='Sign Up']"}
RESULT: {"using":"xpath","value":"//android.widget.Button[@content-desc='Sign Up']"}
COMMAND: POST /session/3cabb9da-3b4f-466f-b02a-0f10e0d7b396/element - {"using":"xpath","value":"//android.widget.Button[@content-desc='Sign Up']"}
RESULT: {"using":"xpath","value":"//android.widget.Button[@content-desc='Sign Up']"}
COMMAND: POST /session/3cabb9da-3b4f-466f-b02a-0f10e0d7b396/element - {"using":"xpath","value":"//android.widget.Button[@content-desc='Sign Up']"}
RESULT: {"using":"xpath","value":"//android.widget.Button[@content-desc='Sign Up']"}
COMMAND: POST /session/3cabb9da-3b4f-466f-b02a-0f10e0d7b396/element - {"using":"xpath","value":"//android.widget.Button[@content-desc='Sign Up']"}
RESULT: {"using":"xpath","value":"//android.widget.Button[@content-desc='Sign Up']"}
COMMAND: POST /session/3cabb9da-3b4f-466f-b02a-0f10e0d7b396/element - {"using":"xpath","value":"//android.widget.Button[@content-desc='Sign Up']"}
RESULT: {"using":"xpath","value":"//android.widget.Button[@content-desc='Sign Up']"}
COMMAND: POST /session/3cabb9da-3b4f-466f-b02a-0f10e0d7b396/element - {"using":"xpath","value":"//android.widget.Button[@content-desc='Sign Up']"}
RESULT: {"using":"xpath","value":"//android.widget.Button[@content-desc='Sign Up']"}
COMMAND: POST /session/3cabb9da-3b4f-466f-b02a-0f10e0d7b396/element - {"using":"xpath","value":"//android.widget.Button[@content-desc='Sign Up']"}
RESULT: {"using":"xpath","value":"//android.widget.Button[@content-desc='Sign Up']"}
COMMAND: POST /session/3cabb9da-3b4f-466f-b02a-0f10e0d7b396/element - {"using":"xpath","value":"//android.widget.Button[@content-desc='Sign Up']"}
RESULT: {"using":"xpath","value":"//android.widget.Button[@content-desc='Sign Up']"}
COMMAND: POST /session/3cabb9da-3b4f-466f-b02a-0f10e0d7b396/element - {"using":"xpath","value":"//android.widget.Button[@content-desc='Sign Up']"}
RESULT: {"using":"xpath","value":"//android.widget.Button[@content-desc='Sign Up']"}
COMMAND: GET /session/3cabb9da-3b4f-466f-b02a-0f10e0d7b396/element/00000000-0000-00fb-0000-000800000004/displayed - {}
RESULT: {}
COMMAND: POST /session/3cabb9da-3b4f-466f-b02a-0f10e0d7b396/element - {"using":"xpath","value":"//android.widget.Button[@content-desc='Sign Up']"}
RESULT: {"using":"xpath","value":"//android.widget.Button[@content-desc='Sign Up']"}
COMMAND: POST /session/3cabb9da-3b4f-466f-b02a-0f10e0d7b396/element/00000000-0000-00fb-0000-000800000004/click - {}
RESULT: {}
COMMAND: DELETE /session/3cabb9da-3b4f-466f-b02a-0f10e0d7b396 - {}
RESULT: {}
]]></system-out>
    </testcase>
  </testsuite>
</testsuites>